E:\GITWORKSPACE\MODELEDITOR2\MODELEDITOR\DEBUG\MODELEDITOR.OBJ
E:\GITWORKSPACE\MODELEDITOR2\MODELEDITOR\DEBUG\MEPROJTREEWIDGETITEM.OBJ
E:\GITWORKSPACE\MODELEDITOR2\MODELEDITOR\DEBUG\MEPROJTABWIDGET.OBJ
E:\GITWORKSPACE\MODELEDITOR2\MODELEDITOR\DEBUG\MEPROJSERVER.OBJ
E:\GITWORKSPACE\MODELEDITOR2\MODELEDITOR\DEBUG\MEPROJTREEWIDGET.OBJ
E:\GITWORKSPACE\MODELEDITOR2\MODELEDITOR\DEBUG\MEPROJLINENUMBERAREA.OBJ
E:\GITWORKSPACE\MODELEDITOR2\MODELEDITOR\DEBUG\MEPROJCODEWIDGET.OBJ
E:\GITWORKSPACE\MODELEDITOR2\MODELEDITOR\DEBUG\MAIN.OBJ
E:\GITWORKSPACE\MODELEDITOR2\MODELEDITOR\DEBUG\GEOMETRYGENERATOR.OBJ
E:\GITWORKSPACE\MODELEDITOR2\MODELEDITOR\DEBUG\MOC_MODELEDITOR.OBJ
E:\GITWORKSPACE\MODELEDITOR2\MODELEDITOR\DEBUG\MOC_MEPROJTREEWIDGET.OBJ
E:\GITWORKSPACE\MODELEDITOR2\MODELEDITOR\DEBUG\MOC_MEPROJTABWIDGET.OBJ
E:\GITWORKSPACE\MODELEDITOR2\MODELEDITOR\DEBUG\MOC_D3DWIDGET.OBJ
E:\GITWORKSPACE\MODELEDITOR2\MODELEDITOR\DEBUG\D3DWIDGET.OBJ
E:\GITWORKSPACE\MODELEDITOR2\MODELEDITOR\DEBUG\QRC_MODELEDITOR.OBJ
E:\GITWORKSPACE\MODELEDITOR2\MODELEDITOR\DEBUG\VC110.PDB
E:\GITWORKSPACE\MODELEDITOR2\MODELEDITOR\DEBUG\MOC_MEPROJCODEWIDGET.OBJ
E:\GITWORKSPACE\MODELEDITOR2\MODELEDITOR\GENERATEDFILES\DEBUG\MOC_MODELEDITOR.CPP
E:\GITWORKSPACE\MODELEDITOR2\MODELEDITOR\GENERATEDFILES\UI_MODELEDITOR.H
E:\GITWORKSPACE\MODELEDITOR2\MODELEDITOR\GENERATEDFILES\DEBUG\MOC_MEPROJTABWIDGET.CPP
E:\GITWORKSPACE\MODELEDITOR2\MODELEDITOR\GENERATEDFILES\DEBUG\MOC_MEPROJTREEWIDGET.CPP
E:\GITWORKSPACE\MODELEDITOR2\MODELEDITOR\GENERATEDFILES\DEBUG\MOC_D3DWIDGET.CPP
E:\GITWORKSPACE\MODELEDITOR2\MODELEDITOR\GENERATEDFILES\QRC_MODELEDITOR.CPP
E:\GITWORKSPACE\MODELEDITOR2\MODELEDITOR\GENERATEDFILES\DEBUG\MOC_MEPROJCODEWIDGET.CPP
E:\GITWORKSPACE\MODELEDITOR2\WIN32\DEBUG\MODELEDITOR.ILK
E:\GITWORKSPACE\MODELEDITOR2\WIN32\DEBUG\MODELEDITOR.EXE
E:\GITWORKSPACE\MODELEDITOR2\WIN32\DEBUG\MODELEDITOR.PDB
E:\GitWorkspace\ModelEditor2\ModelEditor\Debug\d3dwidget.obj
E:\GitWorkspace\ModelEditor2\ModelEditor\Debug\GeometryGenerator.obj
E:\GitWorkspace\ModelEditor2\ModelEditor\Debug\main.obj
E:\GitWorkspace\ModelEditor2\ModelEditor\Debug\MEProjCodeWidget.obj
E:\GitWorkspace\ModelEditor2\ModelEditor\Debug\MEProjLineNumberArea.obj
E:\GitWorkspace\ModelEditor2\ModelEditor\Debug\MEProjServer.obj
E:\GitWorkspace\ModelEditor2\ModelEditor\Debug\MEProjTabWidget.obj
E:\GitWorkspace\ModelEditor2\ModelEditor\Debug\MEProjTreeWidget.obj
E:\GitWorkspace\ModelEditor2\ModelEditor\Debug\MEProjTreeWidgetItem.obj
E:\GitWorkspace\ModelEditor2\ModelEditor\Debug\moc_d3dwidget.obj
E:\GitWorkspace\ModelEditor2\ModelEditor\Debug\moc_MEProjCodeWidget.obj
E:\GitWorkspace\ModelEditor2\ModelEditor\Debug\moc_MEProjTabWidget.obj
E:\GitWorkspace\ModelEditor2\ModelEditor\Debug\moc_MEProjTreeWidget.obj
E:\GitWorkspace\ModelEditor2\ModelEditor\Debug\moc_modeleditor.obj
E:\GitWorkspace\ModelEditor2\ModelEditor\Debug\modeleditor.obj
E:\GitWorkspace\ModelEditor2\ModelEditor\Debug\qrc_modeleditor.obj
E:\GitWorkspace\ModelEditor2\ModelEditor\Debug\cl.command.1.tlog
E:\GitWorkspace\ModelEditor2\ModelEditor\Debug\CL.read.1.tlog
E:\GitWorkspace\ModelEditor2\ModelEditor\Debug\CL.write.1.tlog
E:\GitWorkspace\ModelEditor2\ModelEditor\Debug\custombuild.command.1.tlog
E:\GitWorkspace\ModelEditor2\ModelEditor\Debug\custombuild.read.1.tlog
E:\GitWorkspace\ModelEditor2\ModelEditor\Debug\custombuild.write.1.tlog
E:\GitWorkspace\ModelEditor2\ModelEditor\Debug\link-cvtres.read.1.tlog
E:\GitWorkspace\ModelEditor2\ModelEditor\Debug\link-cvtres.write.1.tlog
E:\GitWorkspace\ModelEditor2\ModelEditor\Debug\link-rc.read.1.tlog
E:\GitWorkspace\ModelEditor2\ModelEditor\Debug\link-rc.write.1.tlog
E:\GitWorkspace\ModelEditor2\ModelEditor\Debug\link.21196-cvtres.read.1.tlog
E:\GitWorkspace\ModelEditor2\ModelEditor\Debug\link.21196-cvtres.write.1.tlog
E:\GitWorkspace\ModelEditor2\ModelEditor\Debug\link.21196-rc.read.1.tlog
E:\GitWorkspace\ModelEditor2\ModelEditor\Debug\link.21196-rc.write.1.tlog
E:\GitWorkspace\ModelEditor2\ModelEditor\Debug\link.21196.read.1.tlog
E:\GitWorkspace\ModelEditor2\ModelEditor\Debug\link.21196.write.1.tlog
E:\GitWorkspace\ModelEditor2\ModelEditor\Debug\link.command.1.tlog
E:\GitWorkspace\ModelEditor2\ModelEditor\Debug\link.read.1.tlog
E:\GitWorkspace\ModelEditor2\ModelEditor\Debug\link.write.1.tlog
E:\GitWorkspace\ModelEditor2\ModelEditor\Debug\vc110.pdb
E:\GitWorkspace\ModelEditor2\Win32\Debug\ModelEditor.pdb
E:\GitWorkspace\ModelEditor2\Win32\Debug\ModelEditor.exe
E:\GitWorkspace\ModelEditor2\Win32\Debug\ModelEditor.ilk
